<?xml version="1.0" encoding="UTF-8"?><testsuites failures="23" name="dependency-check" tests="50"><testsuite failures="0" errors="0" time="0" id="0" name="/home/ubuntu/.m2/repository/com/zaxxer/HikariCP/5.0.1/HikariCP-5.0.1.jar" package="HikariCP-5.0.1.jar" skipped="0" tests="1" timestamp="2025-07-21T12:13:32.52844439"><testcase classname="dependency-check" name="HikariCP-5.0.1.jar"/></testsuite><testsuite failures="0" errors="0" time="0" id="1" name="/home/ubuntu/.m2/repository/org/eclipse/angus/angus-activation/2.0.1/angus-activation-2.0.1.jar" package="angus-activation-2.0.1.jar" skipped="0" tests="1" timestamp="2025-07-21T12:13:32.52844439"><testcase classname="dependency-check" name="angus-activation-2.0.1.jar"/></testsuite><testsuite failures="0" errors="0" time="0" id="2" name="/home/ubuntu/.m2/repository/org/antlr/antlr4-runtime/4.10.1/antlr4-runtime-4.10.1.jar" package="antlr4-runtime-4.10.1.jar" skipped="0" tests="1" timestamp="2025-07-21T12:13:32.52844439"><testcase classname="dependency-check" name="antlr4-runtime-4.10.1.jar"/></testsuite><testsuite failures="0" errors="0" time="0" id="3" name="/home/ubuntu/.m2/repository/org/aspectj/aspectjweaver/1.9.20.1/aspectjweaver-1.9.20.1.jar" package="aspectjweaver-1.9.20.1.jar" skipped="0" tests="1" timestamp="2025-07-21T12:13:32.52844439"><testcase classname="dependency-check" name="aspectjweaver-1.9.20.1.jar"/></testsuite><testsuite failures="0" errors="0" time="0" id="4" name="/home/ubuntu/.m2/repository/net/bytebuddy/byte-buddy/1.14.10/byte-buddy-1.14.10.jar" package="byte-buddy-1.14.10.jar" skipped="0" tests="1" timestamp="2025-07-21T12:13:32.52844439"><testcase classname="dependency-check" name="byte-buddy-1.14.10.jar"/></testsuite><testsuite failures="0" errors="0" time="0" id="5" name="/home/ubuntu/.m2/repository/com/fasterxml/classmate/1.6.0/classmate-1.6.0.jar" package="classmate-1.6.0.jar" skipped="0" tests="1" timestamp="2025-07-21T12:13:32.52844439"><testcase classname="dependency-check" name="classmate-1.6.0.jar"/></testsuite><testsuite failures="1" errors="0" time="0" id="6" name="/home/ubuntu/.m2/repository/org/apache/commons/commons-lang3/3.13.0/commons-lang3-3.13.0.jar" package="commons-lang3-3.13.0.jar" skipped="0" tests="1" timestamp="2025-07-21T12:13:32.52844439"><testcase classname="CVE-2025-48924" name="pkg:maven/org.apache.commons/commons-lang3@3.13.0"><failure message="cvssV2: MEDIUM, score: 6.9 (/AV:N/AC:L/Au:/C:/I:/A:)"/><system-out>Uncontrolled Recursion vulnerability in Apache Commons Lang.

This issue affects Apache Commons Lang: Starting with commons-lang:commons-lang 2.0 to 2.6, and, from org.apache.commons:commons-lang3 3.0 before 3.18.0.

The methods ClassUtils.getClass(...) can throw StackOverflowError on very long inputs. Because an Error is usually not handled by applications and libraries, a 
StackOverflowError could cause an application to stop.

Users are recommended to upgrade to version 3.18.0, which fixes the issue.

Sonatype&apos;s research suggests that this CVE&apos;s details differ from those defined at NVD. See https://ossindex.sonatype.org/vulnerability/CVE-2025-48924 for details</system-out><system-err>location: /home/ubuntu/.m2/repository/org/apache/commons/commons-lang3/3.13.0/commons-lang3-3.13.0.jar, project-references: [ BMO RFB Backend:compile ]</system-err></testcase></testsuite><testsuite failures="1" errors="0" time="0" id="7" name="/home/ubuntu/.m2/repository/com/h2database/h2/2.2.224/h2-2.2.224.jar" package="h2-2.2.224.jar" skipped="0" tests="1" timestamp="2025-07-21T12:13:32.52844439"><testcase classname="CVE-2018-14335" name="pkg:maven/com.h2database/h2@2.2.224"><failure message="cvssV3: MEDIUM, score: 6.0 (CVSS:3.1/AV:L/AC:L/PR:H/UI:N/S:C/C:H/I:N/A:N)"/><system-out>h2database - Improper Link Resolution Before File Access

The software attempts to access a file based on the filename, but it does not properly prevent that filename from identifying a link or shortcut that resolves to an unintended resource.</system-out><system-err>location: /home/ubuntu/.m2/repository/com/h2database/h2/2.2.224/h2-2.2.224.jar, project-references: [ BMO RFB Backend:runtime ]</system-err></testcase></testsuite><testsuite failures="0" errors="0" time="0" id="8" name="/home/ubuntu/.m2/repository/com/h2database/h2/2.2.224/h2-2.2.224.jar/org/h2/util/data.zip/org/h2/server/web/res/table.js" package="h2-2.2.224.jar: data.zip: table.js" skipped="0" tests="1" timestamp="2025-07-21T12:13:32.52844439"><testcase classname="dependency-check" name="h2-2.2.224.jar: data.zip: table.js"/></testsuite><testsuite failures="0" errors="0" time="0" id="9" name="/home/ubuntu/.m2/repository/com/h2database/h2/2.2.224/h2-2.2.224.jar/org/h2/util/data.zip/org/h2/server/web/res/tree.js" package="h2-2.2.224.jar: data.zip: tree.js" skipped="0" tests="1" timestamp="2025-07-21T12:13:32.52844439"><testcase classname="dependency-check" name="h2-2.2.224.jar: data.zip: tree.js"/></testsuite><testsuite failures="0" errors="0" time="0" id="10" name="/home/ubuntu/.m2/repository/org/hibernate/common/hibernate-commons-annotations/6.0.6.Final/hibernate-commons-annotations-6.0.6.Final.jar" package="hibernate-commons-annotations-6.0.6.Final.jar" skipped="0" tests="1" timestamp="2025-07-21T12:13:32.52844439"><testcase classname="dependency-check" name="hibernate-commons-annotations-6.0.6.Final.jar"/></testsuite><testsuite failures="0" errors="0" time="0" id="11" name="/home/ubuntu/.m2/repository/org/hibernate/orm/hibernate-core/6.3.1.Final/hibernate-core-6.3.1.Final.jar" package="hibernate-core-6.3.1.Final.jar" skipped="0" tests="1" timestamp="2025-07-21T12:13:32.52844439"><testcase classname="dependency-check" name="hibernate-core-6.3.1.Final.jar"/></testsuite><testsuite failures="0" errors="0" time="0" id="12" name="/home/ubuntu/.m2/repository/org/hibernate/validator/hibernate-validator/8.0.1.Final/hibernate-validator-8.0.1.Final.jar" package="hibernate-validator-8.0.1.Final.jar" skipped="0" tests="1" timestamp="2025-07-21T12:13:32.52844439"><testcase classname="dependency-check" name="hibernate-validator-8.0.1.Final.jar"/></testsuite><testsuite failures="0" errors="0" time="0" id="13" name="/home/ubuntu/.m2/repository/com/sun/istack/istack-commons-runtime/4.1.2/istack-commons-runtime-4.1.2.jar" package="istack-commons-runtime-4.1.2.jar" skipped="0" tests="1" timestamp="2025-07-21T12:13:32.52844439"><testcase classname="dependency-check" name="istack-commons-runtime-4.1.2.jar"/></testsuite><testsuite failures="0" errors="0" time="0" id="14" name="/home/ubuntu/.m2/repository/com/fasterxml/jackson/core/jackson-core/2.15.3/jackson-core-2.15.3.jar" package="jackson-core-2.15.3.jar" skipped="0" tests="1" timestamp="2025-07-21T12:13:32.52844439"><testcase classname="dependency-check" name="jackson-core-2.15.3.jar"/></testsuite><testsuite failures="1" errors="0" time="0" id="15" name="/home/ubuntu/.m2/repository/com/fasterxml/jackson/core/jackson-databind/2.15.3/jackson-databind-2.15.3.jar" package="jackson-databind-2.15.3.jar" skipped="0" tests="1" timestamp="2025-07-21T12:13:32.52844439"><testcase classname="CVE-2023-35116" name="pkg:maven/com.fasterxml.jackson.core/jackson-databind@2.15.3"><failure message="cvssV3: MEDIUM, score: 4.7 (CVSS:3.1/AV:L/AC:H/PR:L/UI:N/S:U/C:N/I:N/A:H)"/><system-out>jackson-databind through 2.15.2 allows attackers to cause a denial of service or other unspecified impact via a crafted object that uses cyclic dependencies. NOTE: the vendor&apos;s perspective is that this is not a valid vulnerability report, because the steps of constructing a cyclic data structure and trying to serialize it cannot be achieved by an external attacker.</system-out><system-err>location: /home/ubuntu/.m2/repository/com/fasterxml/jackson/core/jackson-databind/2.15.3/jackson-databind-2.15.3.jar, project-references: [ BMO RFB Backend:compile ]</system-err></testcase></testsuite><testsuite failures="0" errors="0" time="0" id="16" name="/home/ubuntu/.m2/repository/com/fasterxml/jackson/dataformat/jackson-dataformat-yaml/2.15.3/jackson-dataformat-yaml-2.15.3.jar" package="jackson-dataformat-yaml-2.15.3.jar" skipped="0" tests="1" timestamp="2025-07-21T12:13:32.52844439"><testcase classname="dependency-check" name="jackson-dataformat-yaml-2.15.3.jar"/></testsuite><testsuite failures="0" errors="0" time="0" id="17" name="/home/ubuntu/.m2/repository/jakarta/activation/jakarta.activation-api/2.1.2/jakarta.activation-api-2.1.2.jar" package="jakarta.activation-api-2.1.2.jar" skipped="0" tests="1" timestamp="2025-07-21T12:13:32.52844439"><testcase classname="dependency-check" name="jakarta.activation-api-2.1.2.jar"/></testsuite><testsuite failures="0" errors="0" time="0" id="18" name="/home/ubuntu/.m2/repository/jakarta/annotation/jakarta.annotation-api/2.1.1/jakarta.annotation-api-2.1.1.jar" package="jakarta.annotation-api-2.1.1.jar" skipped="0" tests="1" timestamp="2025-07-21T12:13:32.52844439"><testcase classname="dependency-check" name="jakarta.annotation-api-2.1.1.jar"/></testsuite><testsuite failures="0" errors="0" time="0" id="19" name="/home/ubuntu/.m2/repository/jakarta/inject/jakarta.inject-api/2.0.1/jakarta.inject-api-2.0.1.jar" package="jakarta.inject-api-2.0.1.jar" skipped="0" tests="1" timestamp="2025-07-21T12:13:32.52844439"><testcase classname="dependency-check" name="jakarta.inject-api-2.0.1.jar"/></testsuite><testsuite failures="0" errors="0" time="0" id="20" name="/home/ubuntu/.m2/repository/jakarta/persistence/jakarta.persistence-api/3.1.0/jakarta.persistence-api-3.1.0.jar" package="jakarta.persistence-api-3.1.0.jar" skipped="0" tests="1" timestamp="2025-07-21T12:13:32.52844439"><testcase classname="dependency-check" name="jakarta.persistence-api-3.1.0.jar"/></testsuite><testsuite failures="0" errors="0" time="0" id="21" name="/home/ubuntu/.m2/repository/jakarta/transaction/jakarta.transaction-api/2.0.1/jakarta.transaction-api-2.0.1.jar" package="jakarta.transaction-api-2.0.1.jar" skipped="0" tests="1" timestamp="2025-07-21T12:13:32.52844439"><testcase classname="dependency-check" name="jakarta.transaction-api-2.0.1.jar"/></testsuite><testsuite failures="0" errors="0" time="0" id="22" name="/home/ubuntu/.m2/repository/jakarta/validation/jakarta.validation-api/3.0.2/jakarta.validation-api-3.0.2.jar" package="jakarta.validation-api-3.0.2.jar" skipped="0" tests="1" timestamp="2025-07-21T12:13:32.52844439"><testcase classname="dependency-check" name="jakarta.validation-api-3.0.2.jar"/></testsuite><testsuite failures="0" errors="0" time="0" id="23" name="/home/ubuntu/.m2/repository/jakarta/xml/bind/jakarta.xml.bind-api/4.0.1/jakarta.xml.bind-api-4.0.1.jar" package="jakarta.xml.bind-api-4.0.1.jar" skipped="0" tests="1" timestamp="2025-07-21T12:13:32.52844439"><testcase classname="dependency-check" name="jakarta.xml.bind-api-4.0.1.jar"/></testsuite><testsuite failures="0" errors="0" time="0" id="24" name="/home/ubuntu/.m2/repository/io/smallrye/jandex/3.1.2/jandex-3.1.2.jar" package="jandex-3.1.2.jar" skipped="0" tests="1" timestamp="2025-07-21T12:13:32.52844439"><testcase classname="dependency-check" name="jandex-3.1.2.jar"/></testsuite><testsuite failures="0" errors="0" time="0" id="25" name="/home/ubuntu/.m2/repository/org/glassfish/jaxb/jaxb-core/4.0.4/jaxb-core-4.0.4.jar" package="jaxb-core-4.0.4.jar" skipped="0" tests="1" timestamp="2025-07-21T12:13:32.52844439"><testcase classname="dependency-check" name="jaxb-core-4.0.4.jar"/></testsuite><testsuite failures="0" errors="0" time="0" id="26" name="/home/ubuntu/.m2/repository/org/glassfish/jaxb/jaxb-runtime/4.0.4/jaxb-runtime-4.0.4.jar" package="jaxb-runtime-4.0.4.jar" skipped="0" tests="1" timestamp="2025-07-21T12:13:32.52844439"><testcase classname="dependency-check" name="jaxb-runtime-4.0.4.jar"/></testsuite><testsuite failures="0" errors="0" time="0" id="27" name="/home/ubuntu/.m2/repository/org/jboss/logging/jboss-logging/3.5.3.Final/jboss-logging-3.5.3.Final.jar" package="jboss-logging-3.5.3.Final.jar" skipped="0" tests="1" timestamp="2025-07-21T12:13:32.52844439"><testcase classname="dependency-check" name="jboss-logging-3.5.3.Final.jar"/></testsuite><testsuite failures="0" errors="0" time="0" id="28" name="/home/ubuntu/.m2/repository/org/slf4j/jul-to-slf4j/2.0.9/jul-to-slf4j-2.0.9.jar" package="jul-to-slf4j-2.0.9.jar" skipped="0" tests="1" timestamp="2025-07-21T12:13:32.52844439"><testcase classname="dependency-check" name="jul-to-slf4j-2.0.9.jar"/></testsuite><testsuite failures="0" errors="0" time="0" id="29" name="/home/ubuntu/.m2/repository/org/apache/logging/log4j/log4j-api/2.21.1/log4j-api-2.21.1.jar" package="log4j-api-2.21.1.jar" skipped="0" tests="1" timestamp="2025-07-21T12:13:32.52844439"><testcase classname="dependency-check" name="log4j-api-2.21.1.jar"/></testsuite><testsuite failures="0" errors="0" time="0" id="30" name="/home/ubuntu/.m2/repository/org/apache/logging/log4j/log4j-to-slf4j/2.21.1/log4j-to-slf4j-2.21.1.jar" package="log4j-to-slf4j-2.21.1.jar" skipped="0" tests="1" timestamp="2025-07-21T12:13:32.52844439"><testcase classname="dependency-check" name="log4j-to-slf4j-2.21.1.jar"/></testsuite><testsuite failures="1" errors="0" time="0" id="31" name="/home/ubuntu/.m2/repository/ch/qos/logback/logback-classic/1.4.11/logback-classic-1.4.11.jar" package="logback-classic-1.4.11.jar" skipped="0" tests="1" timestamp="2025-07-21T12:13:32.52844439"><testcase classname="CVE-2023-6378" name="pkg:maven/ch.qos.logback/logback-classic@1.4.11"><failure message="cvssV3: HIGH, score: 7.5 (CVSS:3.1/AV:N/AC:L/PR:N/UI:N/S:U/C:N/I:N/A:H)"/><system-out>A serialization vulnerability in logback receiver component part of 
logback version 1.4.11 allows an attacker to mount a Denial-Of-Service 
attack by sending poisoned data.

</system-out><system-err>location: /home/ubuntu/.m2/repository/ch/qos/logback/logback-classic/1.4.11/logback-classic-1.4.11.jar, project-references: [ BMO RFB Backend:compile ]</system-err></testcase></testsuite><testsuite failures="3" errors="0" time="0" id="32" name="/home/ubuntu/.m2/repository/ch/qos/logback/logback-core/1.4.11/logback-core-1.4.11.jar" package="logback-core-1.4.11.jar" skipped="0" tests="3" timestamp="2025-07-21T12:13:32.52844439"><testcase classname="CVE-2023-6378" name="pkg:maven/ch.qos.logback/logback-core@1.4.11"><failure message="cvssV3: HIGH, score: 7.5 (CVSS:3.1/AV:N/AC:L/PR:N/UI:N/S:U/C:N/I:N/A:H)"/><system-out>A serialization vulnerability in logback receiver component part of 
logback version 1.4.11 allows an attacker to mount a Denial-Of-Service 
attack by sending poisoned data.

</system-out><system-err>location: /home/ubuntu/.m2/repository/ch/qos/logback/logback-core/1.4.11/logback-core-1.4.11.jar, project-references: [ BMO RFB Backend:compile ]</system-err></testcase><testcase classname="CVE-2024-12798" name="pkg:maven/ch.qos.logback/logback-core@1.4.11"><failure message="cvssV2: MEDIUM, score: 5.9 (/AV:L/AC:L/Au:/C:/I:/A:)"/><system-out>ACE vulnerability in JaninoEventEvaluator  by QOS.CH logback-core
      upto including version 0.1 to 1.3.14 and 1.4.0 to 1.5.12 in Java applications allows
      attacker to execute arbitrary code by compromising an existing
      logback configuration file or by injecting an environment variable
      before program execution.





Malicious logback configuration files can allow the attacker to execute 
arbitrary code using the JaninoEventEvaluator extension.



A successful attack requires the user to have write access to a 
configuration file. Alternatively, the attacker could inject a malicious 
environment variable pointing to a malicious configuration file. In both 
cases, the attack requires existing privilege.</system-out><system-err>location: /home/ubuntu/.m2/repository/ch/qos/logback/logback-core/1.4.11/logback-core-1.4.11.jar, project-references: [ BMO RFB Backend:compile ]</system-err></testcase><testcase classname="CVE-2024-12801" name="pkg:maven/ch.qos.logback/logback-core@1.4.11"><failure message="cvssV2: LOW, score: 2.4 (/AV:L/AC:L/Au:/C:/I:/A:)"/><system-out>Server-Side Request Forgery (SSRF) in SaxEventRecorder by QOS.CH logback version 0.1 to 1.3.14 and 1.4.0 to 1.5.12  on the Java platform, allows an attacker to 
forge requests by compromising logback configuration files in XML.



The attacks involves the modification of DOCTYPE declaration in  XML configuration files.

Sonatype&apos;s research suggests that this CVE&apos;s details differ from those defined at NVD. See https://ossindex.sonatype.org/vulnerability/CVE-2024-12801 for details</system-out><system-err>location: /home/ubuntu/.m2/repository/ch/qos/logback/logback-core/1.4.11/logback-core-1.4.11.jar, project-references: [ BMO RFB Backend:compile ]</system-err></testcase></testsuite><testsuite failures="0" errors="0" time="0" id="33" name="/home/ubuntu/.m2/repository/io/micrometer/micrometer-commons/1.12.0/micrometer-commons-1.12.0.jar" package="micrometer-commons-1.12.0.jar" skipped="0" tests="1" timestamp="2025-07-21T12:13:32.52844439"><testcase classname="dependency-check" name="micrometer-commons-1.12.0.jar"/></testsuite><testsuite failures="0" errors="0" time="0" id="34" name="/home/ubuntu/.m2/repository/org/slf4j/slf4j-api/2.0.9/slf4j-api-2.0.9.jar" package="slf4j-api-2.0.9.jar" skipped="0" tests="1" timestamp="2025-07-21T12:13:32.52844439"><testcase classname="dependency-check" name="slf4j-api-2.0.9.jar"/></testsuite><testsuite failures="0" errors="0" time="0" id="35" name="/home/ubuntu/.m2/repository/org/yaml/snakeyaml/2.2/snakeyaml-2.2.jar" package="snakeyaml-2.2.jar" skipped="0" tests="1" timestamp="2025-07-21T12:13:32.52844439"><testcase classname="dependency-check" name="snakeyaml-2.2.jar"/></testsuite><testsuite failures="0" errors="0" time="0" id="36" name="/home/ubuntu/.m2/repository/org/springframework/boot/spring-boot/3.2.0/spring-boot-3.2.0.jar" package="spring-boot-3.2.0.jar" skipped="0" tests="1" timestamp="2025-07-21T12:13:32.52844439"><testcase classname="dependency-check" name="spring-boot-3.2.0.jar"/></testsuite><testsuite failures="0" errors="0" time="0" id="37" name="/home/ubuntu/.m2/repository/org/springframework/boot/spring-boot-devtools/3.2.0/spring-boot-devtools-3.2.0.jar" package="spring-boot-devtools-3.2.0.jar" skipped="0" tests="1" timestamp="2025-07-21T12:13:32.52844439"><testcase classname="dependency-check" name="spring-boot-devtools-3.2.0.jar"/></testsuite><testsuite failures="0" errors="0" time="0" id="38" name="/home/ubuntu/.m2/repository/org/springframework/boot/spring-boot-devtools/3.2.0/spring-boot-devtools-3.2.0.jar/org/springframework/boot/devtools/livereload/livereload.js" package="spring-boot-devtools-3.2.0.jar: livereload.js" skipped="0" tests="1" timestamp="2025-07-21T12:13:32.52844439"><testcase classname="dependency-check" name="spring-boot-devtools-3.2.0.jar: livereload.js"/></testsuite><testsuite failures="0" errors="0" time="0" id="39" name="/home/ubuntu/.m2/repository/org/springframework/boot/spring-boot-starter-web/3.2.0/spring-boot-starter-web-3.2.0.jar" package="spring-boot-starter-web-3.2.0.jar" skipped="0" tests="1" timestamp="2025-07-21T12:13:32.52844439"><testcase classname="dependency-check" name="spring-boot-starter-web-3.2.0.jar"/></testsuite><testsuite failures="2" errors="0" time="0" id="40" name="/home/ubuntu/.m2/repository/org/springframework/spring-context/6.1.1/spring-context-6.1.1.jar" package="spring-context-6.1.1.jar" skipped="1" tests="3" timestamp="2025-07-21T12:13:32.52844439"><testcase classname="CVE-2024-38820" name="pkg:maven/org.springframework/spring-context@6.1.1"><failure message="cvssV3: MEDIUM, score: 5.3 (CVSS:3.1/AV:N/AC:L/PR:N/UI:N/S:U/C:N/I:L/A:N)"/><system-out>The fix for CVE-2022-22968 made disallowedFields patterns in DataBinder case insensitive. However, String.toLowerCase() has some Locale dependent exceptions that could potentially result in fields not protected as expected.</system-out><system-err>location: /home/ubuntu/.m2/repository/org/springframework/spring-context/6.1.1/spring-context-6.1.1.jar, project-references: [ BMO RFB Backend:compile ]</system-err></testcase><testcase classname="CVE-2025-22233" name="pkg:maven/org.springframework/spring-context@6.1.1"><failure message="cvssV2: LOW, score: 2.3 (/AV:N/AC:H/Au:/C:/I:/A:)"/><system-out>CVE-2024-38820 ensured Locale-independent, lowercase conversion for both the configured disallowedFields patterns and for request parameter names. However, there are still cases where it is possible to bypass the disallowedFields checks.

Affected Spring Products and Versions

Spring Framework:
  *  6.2.0 - 6.2.6

  *  6.1.0 - 6.1.19

  *  6.0.0 - 6.0.27

  *  5.3.0 - 5.3.42
  *  Older, unsupported versions are also affected



Mitigation

Users of affected versions should upgrade to the corresponding fixed version.

Affected version(s)Fix Version Availability 6.2.x
 6.2.7
OSS6.1.x
 6.1.20
OSS6.0.x
 6.0.28
 Commercial https://enterprise.spring.io/ 5.3.x
 5.3.43
 Commercial https://enterprise.spring.io/ 
No further mitigation steps are necessary.


Generally, we recommend using a dedicated model object with properties only for data binding, or using constructor binding since constructor arguments explicitly declare what to bind together with turning off setter binding through the declarativeBinding flag. See the Model Design section in the reference documentation.

For setting binding, prefer the use of allowedFields (an explicit list) over disallowedFields.

Credit

This issue was responsibly reported by the TERASOLUNA Framework Development Team from NTT DATA Group Corporation.

Sonatype&apos;s research suggests that this CVE&apos;s details differ from those defined at NVD. See https://ossindex.sonatype.org/vulnerability/CVE-2025-22233 for details</system-out><system-err>location: /home/ubuntu/.m2/repository/org/springframework/spring-context/6.1.1/spring-context-6.1.1.jar, project-references: [ BMO RFB Backend:compile ]</system-err></testcase><testcase classname="CVE-2024-22259" name="pkg:maven/org.springframework/spring-context@6.1.1"><system-out>Applications that use UriComponentsBuilder in Spring Framework to parse an externally provided URL (e.g. through a query parameter) AND perform validation checks on the host of the parsed URL may be vulnerable to a  open redirect https://cwe.mitre.org/data/definitions/601.html  attack or to a SSRF attack if the URL is used after passing validation checks.

This is the same as  CVE-2024-22243 https://spring.io/security/cve-2024-22243 , but with different input.</system-out><system-err>location: /home/ubuntu/.m2/repository/org/springframework/spring-context/6.1.1/spring-context-6.1.1.jar, project-references: [ BMO RFB Backend:compile ]</system-err></testcase></testsuite><testsuite failures="2" errors="0" time="0" id="41" name="/home/ubuntu/.m2/repository/org/springframework/spring-core/6.1.1/spring-core-6.1.1.jar" package="spring-core-6.1.1.jar" skipped="1" tests="3" timestamp="2025-07-21T12:13:32.52844439"><testcase classname="CVE-2024-22233" name="pkg:maven/org.springframework/spring-core@6.1.1"><failure message="cvssV3: HIGH, score: 7.5 (CVSS:3.1/AV:N/AC:L/PR:N/UI:N/S:U/C:N/I:N/A:H)"/><system-out>In Spring Framework versions 6.0.15 and 6.1.2, it is possible for a user to provide specially crafted HTTP requests that may cause a denial-of-service (DoS) condition.

Specifically, an application is vulnerable when all of the following are true:

  *  the application uses Spring MVC
  *  Spring Security 6.1.6+ or 6.2.1+ is on the classpath


Typically, Spring Boot applications need the org.springframework.boot:spring-boot-starter-web and org.springframework.boot:spring-boot-starter-security dependencies to meet all conditions.

Sonatype&apos;s research suggests that this CVE&apos;s details differ from those defined at NVD. See https://ossindex.sonatype.org/vulnerability/CVE-2024-22233 for details</system-out><system-err>location: /home/ubuntu/.m2/repository/org/springframework/spring-core/6.1.1/spring-core-6.1.1.jar, project-references: [ BMO RFB Backend:compile ]</system-err></testcase><testcase classname="CVE-2024-38820" name="pkg:maven/org.springframework/spring-core@6.1.1"><failure message="cvssV3: MEDIUM, score: 5.3 (CVSS:3.1/AV:N/AC:L/PR:N/UI:N/S:U/C:N/I:L/A:N)"/><system-out>The fix for CVE-2022-22968 made disallowedFields patterns in DataBinder case insensitive. However, String.toLowerCase() has some Locale dependent exceptions that could potentially result in fields not protected as expected.</system-out><system-err>location: /home/ubuntu/.m2/repository/org/springframework/spring-core/6.1.1/spring-core-6.1.1.jar, project-references: [ BMO RFB Backend:compile ]</system-err></testcase><testcase classname="CVE-2024-22259" name="pkg:maven/org.springframework/spring-core@6.1.1"><system-out>Applications that use UriComponentsBuilder in Spring Framework to parse an externally provided URL (e.g. through a query parameter) AND perform validation checks on the host of the parsed URL may be vulnerable to a  open redirect https://cwe.mitre.org/data/definitions/601.html  attack or to a SSRF attack if the URL is used after passing validation checks.

This is the same as  CVE-2024-22243 https://spring.io/security/cve-2024-22243 , but with different input.</system-out><system-err>location: /home/ubuntu/.m2/repository/org/springframework/spring-core/6.1.1/spring-core-6.1.1.jar, project-references: [ BMO RFB Backend:compile ]</system-err></testcase></testsuite><testsuite failures="0" errors="0" time="0" id="42" name="/home/ubuntu/.m2/repository/org/springframework/data/spring-data-commons/3.2.0/spring-data-commons-3.2.0.jar" package="spring-data-commons-3.2.0.jar" skipped="0" tests="1" timestamp="2025-07-21T12:13:32.52844439"><testcase classname="dependency-check" name="spring-data-commons-3.2.0.jar"/></testsuite><testsuite failures="0" errors="0" time="0" id="43" name="/home/ubuntu/.m2/repository/org/springframework/data/spring-data-jpa/3.2.0/spring-data-jpa-3.2.0.jar" package="spring-data-jpa-3.2.0.jar" skipped="0" tests="1" timestamp="2025-07-21T12:13:32.52844439"><testcase classname="dependency-check" name="spring-data-jpa-3.2.0.jar"/></testsuite><testsuite failures="1" errors="0" time="0" id="44" name="/home/ubuntu/.m2/repository/org/springframework/spring-tx/6.1.1/spring-tx-6.1.1.jar" package="spring-tx-6.1.1.jar" skipped="1" tests="2" timestamp="2025-07-21T12:13:32.52844439"><testcase classname="CVE-2024-38820" name="pkg:maven/org.springframework/spring-tx@6.1.1"><failure message="cvssV3: MEDIUM, score: 5.3 (CVSS:3.1/AV:N/AC:L/PR:N/UI:N/S:U/C:N/I:L/A:N)"/><system-out>The fix for CVE-2022-22968 made disallowedFields patterns in DataBinder case insensitive. However, String.toLowerCase() has some Locale dependent exceptions that could potentially result in fields not protected as expected.</system-out><system-err>location: /home/ubuntu/.m2/repository/org/springframework/spring-tx/6.1.1/spring-tx-6.1.1.jar, project-references: [ BMO RFB Backend:compile ]</system-err></testcase><testcase classname="CVE-2024-22259" name="pkg:maven/org.springframework/spring-tx@6.1.1"><system-out>Applications that use UriComponentsBuilder in Spring Framework to parse an externally provided URL (e.g. through a query parameter) AND perform validation checks on the host of the parsed URL may be vulnerable to a  open redirect https://cwe.mitre.org/data/definitions/601.html  attack or to a SSRF attack if the URL is used after passing validation checks.

This is the same as  CVE-2024-22243 https://spring.io/security/cve-2024-22243 , but with different input.</system-out><system-err>location: /home/ubuntu/.m2/repository/org/springframework/spring-tx/6.1.1/spring-tx-6.1.1.jar, project-references: [ BMO RFB Backend:compile ]</system-err></testcase></testsuite><testsuite failures="5" errors="0" time="0" id="45" name="/home/ubuntu/.m2/repository/org/springframework/spring-web/6.1.1/spring-web-6.1.1.jar" package="spring-web-6.1.1.jar" skipped="1" tests="6" timestamp="2025-07-21T12:13:32.52844439"><testcase classname="CVE-2024-38809" name="pkg:maven/org.springframework/spring-web@6.1.1"><failure message="cvssV2: HIGH, score: 8.7 (/AV:N/AC:L/Au:/C:/I:/A:)"/><system-out>Applications that parse ETags from &quot;If-Match&quot; or &quot;If-None-Match&quot; request headers are vulnerable to DoS attack.

Users of affected versions should upgrade to the corresponding fixed version.

Users of older, unsupported versions could enforce a size limit on &quot;If-Match&quot; and &quot;If-None-Match&quot; headers, e.g. through a Filter.</system-out><system-err>location: /home/ubuntu/.m2/repository/org/springframework/spring-web/6.1.1/spring-web-6.1.1.jar, project-references: [ BMO RFB Backend:compile ]</system-err></testcase><testcase classname="CVE-2024-22243" name="pkg:maven/org.springframework/spring-web@6.1.1"><failure message="cvssV3: HIGH, score: 8.1 (CVSS:3.1/AV:N/AC:L/PR:N/UI:R/S:U/C:H/I:H/A:N)"/><system-out>Applications that use UriComponentsBuilder to parse an externally provided URL (e.g. through a query parameter) AND perform validation checks on the host of the parsed URL may be vulnerable to a  open redirect https://cwe.mitre.org/data/definitions/601.html  attack or to a SSRF attack if the URL is used after passing validation checks.

Sonatype&apos;s research suggests that this CVE&apos;s details differ from those defined at NVD. See https://ossindex.sonatype.org/vulnerability/CVE-2024-22243 for details</system-out><system-err>location: /home/ubuntu/.m2/repository/org/springframework/spring-web/6.1.1/spring-web-6.1.1.jar, project-references: [ BMO RFB Backend:compile ]</system-err></testcase><testcase classname="CVE-2024-22262" name="pkg:maven/org.springframework/spring-web@6.1.1"><failure message="cvssV3: HIGH, score: 8.1 (CVSS:3.1/AV:N/AC:L/PR:N/UI:R/S:U/C:H/I:H/A:N)"/><system-out>Applications that use UriComponentsBuilder to parse an externally provided URL (e.g. through a query parameter) AND perform validation checks on the host of the parsed URL may be vulnerable to a  open redirect https://cwe.mitre.org/data/definitions/601.html  attack or to a SSRF attack if the URL is used after passing validation checks.

This is the same as  CVE-2024-22259 https://spring.io/security/cve-2024-22259  and  CVE-2024-22243 https://spring.io/security/cve-2024-22243 , but with different input.</system-out><system-err>location: /home/ubuntu/.m2/repository/org/springframework/spring-web/6.1.1/spring-web-6.1.1.jar, project-references: [ BMO RFB Backend:compile ]</system-err></testcase><testcase classname="CVE-2025-41234" name="pkg:maven/org.springframework/spring-web@6.1.1"><failure message="cvssV2: HIGH, score: 7.4 (/AV:N/AC:H/Au:/C:/I:/A:)"/><system-out>Description

In Spring Framework, versions 6.0.x as of 6.0.5, versions 6.1.x and 6.2.x, an application is vulnerable to a reflected file download (RFD) attack when it sets a “Content-Disposition” header with a non-ASCII charset, where the filename attribute is derived from user-supplied input.

Specifically, an application is vulnerable when all the following are true:

  *  The header is prepared with org.springframework.http.ContentDisposition.
  *  The filename is set via ContentDisposition.Builder#filename(String, Charset).
  *  The value for the filename is derived from user-supplied input.
  *  The application does not sanitize the user-supplied input.
  *  The downloaded content of the response is injected with malicious commands by the attacker (see RFD paper reference for details).


An application is not vulnerable if any of the following is true:

  *  The application does not set a “Content-Disposition” response header.
  *  The header is not prepared with org.springframework.http.ContentDisposition.
  *  The filename is set via one of:  *  ContentDisposition.Builder#filename(String), or
  *  ContentDisposition.Builder#filename(String, ASCII)



  *  The filename is not derived from user-supplied input.
  *  The filename is derived from user-supplied input but sanitized by the application.
  *  The attacker cannot inject malicious content in the downloaded content of the response.


Affected Spring Products and VersionsSpring Framework:

  *  6.2.0 - 6.2.7
  *  6.1.0 - 6.1.20
  *  6.0.5 - 6.0.28
  *  Older, unsupported versions are not affected


MitigationUsers of affected versions should upgrade to the corresponding fixed version.

Affected version(s)Fix versionAvailability6.2.x6.2.8OSS6.1.x6.1.21OSS6.0.x6.0.29 Commercial https://enterprise.spring.io/ No further mitigation steps are necessary.


CWE-113 in `Content-Disposition` handling in VMware Spring Framework versions 6.0.5 to 6.2.7 allows remote attackers to launch Reflected File Download (RFD) attacks via unsanitized user input in `ContentDisposition.Builder#filename(String, Charset)` with non-ASCII charsets.

Sonatype&apos;s research suggests that this CVE&apos;s details differ from those defined at NVD. See https://ossindex.sonatype.org/vulnerability/CVE-2025-41234 for details</system-out><system-err>location: /home/ubuntu/.m2/repository/org/springframework/spring-web/6.1.1/spring-web-6.1.1.jar, project-references: [ BMO RFB Backend:compile ]</system-err></testcase><testcase classname="CVE-2024-38820" name="pkg:maven/org.springframework/spring-web@6.1.1"><failure message="cvssV3: MEDIUM, score: 5.3 (CVSS:3.1/AV:N/AC:L/PR:N/UI:N/S:U/C:N/I:L/A:N)"/><system-out>The fix for CVE-2022-22968 made disallowedFields patterns in DataBinder case insensitive. However, String.toLowerCase() has some Locale dependent exceptions that could potentially result in fields not protected as expected.</system-out><system-err>location: /home/ubuntu/.m2/repository/org/springframework/spring-web/6.1.1/spring-web-6.1.1.jar, project-references: [ BMO RFB Backend:compile ]</system-err></testcase><testcase classname="CVE-2024-22259" name="pkg:maven/org.springframework/spring-web@6.1.1"><system-out>Applications that use UriComponentsBuilder in Spring Framework to parse an externally provided URL (e.g. through a query parameter) AND perform validation checks on the host of the parsed URL may be vulnerable to a  open redirect https://cwe.mitre.org/data/definitions/601.html  attack or to a SSRF attack if the URL is used after passing validation checks.

This is the same as  CVE-2024-22243 https://spring.io/security/cve-2024-22243 , but with different input.</system-out><system-err>location: /home/ubuntu/.m2/repository/org/springframework/spring-web/6.1.1/spring-web-6.1.1.jar, project-references: [ BMO RFB Backend:compile ]</system-err></testcase></testsuite><testsuite failures="2" errors="0" time="0" id="46" name="/home/ubuntu/.m2/repository/org/springframework/spring-webmvc/6.1.1/spring-webmvc-6.1.1.jar" package="spring-webmvc-6.1.1.jar" skipped="1" tests="3" timestamp="2025-07-21T12:13:32.52844439"><testcase classname="CVE-2024-38816" name="pkg:maven/org.springframework/spring-webmvc@6.1.1"><failure message="cvssV2: HIGH, score: 8.2 (/AV:N/AC:L/Au:/C:/I:/A:)"/><system-out>Applications serving static resources through the functional web frameworks WebMvc.fn or WebFlux.fn are vulnerable to path traversal attacks. An attacker can craft malicious HTTP requests and obtain any file on the file system that is also accessible to the process in which the Spring application is running.

Specifically, an application is vulnerable when both of the following are true:

  *  the web application uses RouterFunctions to serve static resources
  *  resource handling is explicitly configured with a FileSystemResource location


However, malicious requests are blocked and rejected when any of the following is true:

  *  the  Spring Security HTTP Firewall https://docs.spring.io/spring-security/reference/servlet/exploits/firewall.html  is in use
  *  the application runs on Tomcat or Jetty</system-out><system-err>location: /home/ubuntu/.m2/repository/org/springframework/spring-webmvc/6.1.1/spring-webmvc-6.1.1.jar, project-references: [ BMO RFB Backend:compile ]</system-err></testcase><testcase classname="CVE-2024-38820" name="pkg:maven/org.springframework/spring-webmvc@6.1.1"><failure message="cvssV3: MEDIUM, score: 5.3 (CVSS:3.1/AV:N/AC:L/PR:N/UI:N/S:U/C:N/I:L/A:N)"/><system-out>The fix for CVE-2022-22968 made disallowedFields patterns in DataBinder case insensitive. However, String.toLowerCase() has some Locale dependent exceptions that could potentially result in fields not protected as expected.</system-out><system-err>location: /home/ubuntu/.m2/repository/org/springframework/spring-webmvc/6.1.1/spring-webmvc-6.1.1.jar, project-references: [ BMO RFB Backend:compile ]</system-err></testcase><testcase classname="CVE-2024-22259" name="pkg:maven/org.springframework/spring-webmvc@6.1.1"><system-out>Applications that use UriComponentsBuilder in Spring Framework to parse an externally provided URL (e.g. through a query parameter) AND perform validation checks on the host of the parsed URL may be vulnerable to a  open redirect https://cwe.mitre.org/data/definitions/601.html  attack or to a SSRF attack if the URL is used after passing validation checks.

This is the same as  CVE-2024-22243 https://spring.io/security/cve-2024-22243 , but with different input.</system-out><system-err>location: /home/ubuntu/.m2/repository/org/springframework/spring-webmvc/6.1.1/spring-webmvc-6.1.1.jar, project-references: [ BMO RFB Backend:compile ]</system-err></testcase></testsuite><testsuite failures="0" errors="0" time="0" id="47" name="/home/ubuntu/.m2/repository/org/springdoc/springdoc-openapi-starter-common/2.2.0/springdoc-openapi-starter-common-2.2.0.jar" package="springdoc-openapi-starter-common-2.2.0.jar" skipped="0" tests="1" timestamp="2025-07-21T12:13:32.52844439"><testcase classname="dependency-check" name="springdoc-openapi-starter-common-2.2.0.jar"/></testsuite><testsuite failures="0" errors="0" time="0" id="48" name="/home/ubuntu/.m2/repository/org/springdoc/springdoc-openapi-starter-webmvc-api/2.2.0/springdoc-openapi-starter-webmvc-api-2.2.0.jar" package="springdoc-openapi-starter-webmvc-api-2.2.0.jar" skipped="0" tests="1" timestamp="2025-07-21T12:13:32.52844439"><testcase classname="dependency-check" name="springdoc-openapi-starter-webmvc-api-2.2.0.jar"/></testsuite><testsuite failures="0" errors="0" time="0" id="49" name="/home/ubuntu/.m2/repository/org/springdoc/springdoc-openapi-starter-webmvc-ui/2.2.0/springdoc-openapi-starter-webmvc-ui-2.2.0.jar" package="springdoc-openapi-starter-webmvc-ui-2.2.0.jar" skipped="0" tests="1" timestamp="2025-07-21T12:13:32.52844439"><testcase classname="dependency-check" name="springdoc-openapi-starter-webmvc-ui-2.2.0.jar"/></testsuite><testsuite failures="0" errors="0" time="0" id="50" name="/home/ubuntu/.m2/repository/io/swagger/core/v3/swagger-core-jakarta/2.2.15/swagger-core-jakarta-2.2.15.jar" package="swagger-core-jakarta-2.2.15.jar" skipped="0" tests="1" timestamp="2025-07-21T12:13:32.52844439"><testcase classname="dependency-check" name="swagger-core-jakarta-2.2.15.jar"/></testsuite><testsuite failures="0" errors="0" time="0" id="51" name="/home/ubuntu/.m2/repository/org/webjars/swagger-ui/5.2.0/swagger-ui-5.2.0.jar" package="swagger-ui-5.2.0.jar" skipped="0" tests="1" timestamp="2025-07-21T12:13:32.52844439"><testcase classname="dependency-check" name="swagger-ui-5.2.0.jar"/></testsuite><testsuite failures="0" errors="0" time="0" id="52" name="/home/ubuntu/.m2/repository/org/webjars/swagger-ui/5.2.0/swagger-ui-5.2.0.jar/META-INF/resources/webjars/swagger-ui/5.2.0/swagger-initializer.js" package="swagger-ui-5.2.0.jar: swagger-initializer.js" skipped="0" tests="1" timestamp="2025-07-21T12:13:32.52844439"><testcase classname="dependency-check" name="swagger-ui-5.2.0.jar: swagger-initializer.js"/></testsuite><testsuite failures="0" errors="0" time="0" id="53" name="/home/ubuntu/.m2/repository/org/webjars/swagger-ui/5.2.0/swagger-ui-5.2.0.jar/META-INF/resources/webjars/swagger-ui/5.2.0/swagger-ui-bundle.js" package="swagger-ui-5.2.0.jar: swagger-ui-bundle.js" skipped="0" tests="1" timestamp="2025-07-21T12:13:32.52844439"><testcase classname="dependency-check" name="swagger-ui-5.2.0.jar: swagger-ui-bundle.js"/></testsuite><testsuite failures="0" errors="0" time="0" id="54" name="/home/ubuntu/.m2/repository/org/webjars/swagger-ui/5.2.0/swagger-ui-5.2.0.jar/META-INF/resources/webjars/swagger-ui/5.2.0/swagger-ui-es-bundle-core.js" package="swagger-ui-5.2.0.jar: swagger-ui-es-bundle-core.js" skipped="0" tests="1" timestamp="2025-07-21T12:13:32.52844439"><testcase classname="dependency-check" name="swagger-ui-5.2.0.jar: swagger-ui-es-bundle-core.js"/></testsuite><testsuite failures="0" errors="0" time="0" id="55" name="/home/ubuntu/.m2/repository/org/webjars/swagger-ui/5.2.0/swagger-ui-5.2.0.jar/META-INF/resources/webjars/swagger-ui/5.2.0/swagger-ui-es-bundle.js" package="swagger-ui-5.2.0.jar: swagger-ui-es-bundle.js" skipped="0" tests="1" timestamp="2025-07-21T12:13:32.52844439"><testcase classname="dependency-check" name="swagger-ui-5.2.0.jar: swagger-ui-es-bundle.js"/></testsuite><testsuite failures="0" errors="0" time="0" id="56" name="/home/ubuntu/.m2/repository/org/webjars/swagger-ui/5.2.0/swagger-ui-5.2.0.jar/META-INF/resources/webjars/swagger-ui/5.2.0/swagger-ui-standalone-preset.js" package="swagger-ui-5.2.0.jar: swagger-ui-standalone-preset.js" skipped="0" tests="1" timestamp="2025-07-21T12:13:32.52844439"><testcase classname="dependency-check" name="swagger-ui-5.2.0.jar: swagger-ui-standalone-preset.js"/></testsuite><testsuite failures="0" errors="0" time="0" id="57" name="/home/ubuntu/.m2/repository/org/webjars/swagger-ui/5.2.0/swagger-ui-5.2.0.jar/META-INF/resources/webjars/swagger-ui/5.2.0/swagger-ui.js" package="swagger-ui-5.2.0.jar: swagger-ui.js" skipped="0" tests="1" timestamp="2025-07-21T12:13:32.52844439"><testcase classname="dependency-check" name="swagger-ui-5.2.0.jar: swagger-ui.js"/></testsuite><testsuite failures="4" errors="0" time="0" id="58" name="/home/ubuntu/.m2/repository/org/apache/tomcat/embed/tomcat-embed-core/10.1.16/tomcat-embed-core-10.1.16.jar" package="tomcat-embed-core-10.1.16.jar" skipped="11" tests="15" timestamp="2025-07-21T12:13:32.52844439"><testcase classname="CVE-2025-24813" name="pkg:maven/org.apache.tomcat.embed/tomcat-embed-core@10.1.16"><failure message="cvssV3: CRITICAL, score: 9.8 (CVSS:3.1/AV:N/AC:L/PR:N/UI:N/S:U/C:H/I:H/A:H)"/><system-out>Path Equivalence: &apos;file.Name&apos; (Internal Dot) leading to Remote Code Execution and/or Information disclosure and/or malicious content added to uploaded files via write enabled Default Servlet in Apache Tomcat.

This issue affects Apache Tomcat: from 11.0.0-M1 through 11.0.2, from 10.1.0-M1 through 10.1.34, from 9.0.0.M1 through 9.0.98.

If all of the following were true, a malicious user was able to view       security sensitive files and/or inject content into those files:
- writes enabled for the default servlet (disabled by default)
- support for partial PUT (enabled by default)
- a target URL for security sensitive uploads that was a sub-directory of a target URL for public uploads
- attacker knowledge of the names of security sensitive files being uploaded
- the security sensitive files also being uploaded via partial PUT

If all of the following were true, a malicious user was able to       perform remote code execution:
- writes enabled for the default servlet (disabled by default)
- support for partial PUT (enabled by default)
- application was using Tomcat&apos;s file based session persistence with the default storage location
- application included a library that may be leveraged in a deserialization attack

Users are recommended to upgrade to version 11.0.3, 10.1.35 or 9.0.99, which fixes the issue.</system-out><system-err>location: /home/ubuntu/.m2/repository/org/apache/tomcat/embed/tomcat-embed-core/10.1.16/tomcat-embed-core-10.1.16.jar, project-references: [ BMO RFB Backend:compile ]</system-err></testcase><testcase classname="CVE-2025-31651" name="pkg:maven/org.apache.tomcat.embed/tomcat-embed-core@10.1.16"><failure message="cvssV3: CRITICAL, score: 9.8 (CVSS:3.1/AV:N/AC:L/PR:N/UI:N/S:U/C:H/I:H/A:H)"/><system-out>Improper Neutralization of Escape, Meta, or Control Sequences vulnerability in Apache Tomcat. For a subset of unlikely rewrite rule configurations, it was possible 
for a specially crafted request to bypass some rewrite rules. If those 
rewrite rules effectively enforced security constraints, those 
constraints could be bypassed.

This issue affects Apache Tomcat: from 11.0.0-M1 through 11.0.5, from 10.1.0-M1 through 10.1.39, from 9.0.0.M1 through 9.0.102.

Users are recommended to upgrade to version [FIXED_VERSION], which fixes the issue.</system-out><system-err>location: /home/ubuntu/.m2/repository/org/apache/tomcat/embed/tomcat-embed-core/10.1.16/tomcat-embed-core-10.1.16.jar, project-references: [ BMO RFB Backend:compile ]</system-err></testcase><testcase classname="CVE-2024-38286" name="pkg:maven/org.apache.tomcat.embed/tomcat-embed-core@10.1.16"><failure message="cvssV3: HIGH, score: 7.5 (CVSS:3.1/AV:N/AC:L/PR:N/UI:N/S:U/C:N/I:N/A:H)"/><system-out>Allocation of Resources Without Limits or Throttling vulnerability in Apache Tomcat.

This issue affects Apache Tomcat: from 11.0.0-M1 through 11.0.0-M20, from 10.1.0-M1 through 10.1.24, from 9.0.13 through 9.0.89. Older, unsupported versions may also be affected.


Users are recommended to upgrade to version 11.0.0-M21, 10.1.25, or 9.0.90, which fixes the issue.



Apache Tomcat, under certain configurations on any platform, allows an attacker to cause an OutOfMemoryError by abusing the TLS handshake process.</system-out><system-err>location: /home/ubuntu/.m2/repository/org/apache/tomcat/embed/tomcat-embed-core/10.1.16/tomcat-embed-core-10.1.16.jar, project-references: [ BMO RFB Backend:compile ]</system-err></testcase><testcase classname="CVE-2025-31650" name="pkg:maven/org.apache.tomcat.embed/tomcat-embed-core@10.1.16"><failure message="cvssV3: HIGH, score: 7.5 (CVSS:3.1/AV:N/AC:L/PR:N/UI:N/S:U/C:N/I:N/A:H)"/><system-out>Improper Input Validation vulnerability in Apache Tomcat. Incorrect error handling for some invalid HTTP priority headers resulted in incomplete clean-up of the failed request which created a memory leak. A large number of such requests could trigger an OutOfMemoryException resulting in a denial of service.

This issue affects Apache Tomcat: from 9.0.76 through 9.0.102, from 10.1.10 through 10.1.39, from 11.0.0-M2 through 11.0.5.

Users are recommended to upgrade to version 9.0.104, 10.1.40 or 11.0.6 which fix the issue.</system-out><system-err>location: /home/ubuntu/.m2/repository/org/apache/tomcat/embed/tomcat-embed-core/10.1.16/tomcat-embed-core-10.1.16.jar, project-references: [ BMO RFB Backend:compile ]</system-err></testcase><testcase classname="CVE-2024-23672" name="pkg:maven/org.apache.tomcat.embed/tomcat-embed-core@10.1.16"><system-out>Denial of Service via incomplete cleanup vulnerability in Apache Tomcat. It was possible for WebSocket clients to keep WebSocket connections open leading to increased resource consumption.This issue affects Apache Tomcat: from 11.0.0-M1 through 11.0.0-M16, from 10.1.0-M1 through 10.1.18, from 9.0.0-M1 through 9.0.85, from 8.5.0 through 8.5.98.

Users are recommended to upgrade to version 11.0.0-M17, 10.1.19, 9.0.86 or 8.5.99 which fix the issue.</system-out><system-err>location: /home/ubuntu/.m2/repository/org/apache/tomcat/embed/tomcat-embed-core/10.1.16/tomcat-embed-core-10.1.16.jar, project-references: [ BMO RFB Backend:compile ]</system-err></testcase><testcase classname="CVE-2024-24549" name="pkg:maven/org.apache.tomcat.embed/tomcat-embed-core@10.1.16"><system-out>Denial of Service due to improper input validation vulnerability for HTTP/2 requests in Apache Tomcat. When processing an HTTP/2 request, if the request exceeded any of the configured limits for headers, the associated HTTP/2 stream was not reset until after all of the headers had been processed.This issue affects Apache Tomcat: from 11.0.0-M1 through 11.0.0-M16, from 10.1.0-M1 through 10.1.18, from 9.0.0-M1 through 9.0.85, from 8.5.0 through 8.5.98.

Users are recommended to upgrade to version 11.0.0-M17, 10.1.19, 9.0.86 or 8.5.99 which fix the issue.</system-out><system-err>location: /home/ubuntu/.m2/repository/org/apache/tomcat/embed/tomcat-embed-core/10.1.16/tomcat-embed-core-10.1.16.jar, project-references: [ BMO RFB Backend:compile ]</system-err></testcase><testcase classname="CVE-2024-34750" name="pkg:maven/org.apache.tomcat.embed/tomcat-embed-core@10.1.16"><system-out>Improper Handling of Exceptional Conditions, Uncontrolled Resource Consumption vulnerability in Apache Tomcat. When processing an HTTP/2 stream, Tomcat did not handle some cases of excessive HTTP headers correctly. This led to a miscounting of active HTTP/2 streams which in turn led to the use of an incorrect infinite timeout which allowed connections to remain open which should have been closed.

This issue affects Apache Tomcat: from 11.0.0-M1 through 11.0.0-M20, from 10.1.0-M1 through 10.1.24, from 9.0.0-M1 through 9.0.89.

Users are recommended to upgrade to version 11.0.0-M21, 10.1.25 or 9.0.90, which fixes the issue.

</system-out><system-err>location: /home/ubuntu/.m2/repository/org/apache/tomcat/embed/tomcat-embed-core/10.1.16/tomcat-embed-core-10.1.16.jar, project-references: [ BMO RFB Backend:compile ]</system-err></testcase><testcase classname="CVE-2024-50379" name="pkg:maven/org.apache.tomcat.embed/tomcat-embed-core@10.1.16"><system-out>Time-of-check Time-of-use (TOCTOU) Race Condition vulnerability during JSP compilation in Apache Tomcat permits an RCE on case insensitive file systems when the default servlet is enabled for write (non-default configuration).

This issue affects Apache Tomcat: from 11.0.0-M1 through 11.0.1, from 10.1.0-M1 through 10.1.33, from 9.0.0.M1 through 9.0.97.

Users are recommended to upgrade to version 11.0.2, 10.1.34 or 9.0.98, which fixes the issue.</system-out><system-err>location: /home/ubuntu/.m2/repository/org/apache/tomcat/embed/tomcat-embed-core/10.1.16/tomcat-embed-core-10.1.16.jar, project-references: [ BMO RFB Backend:compile ]</system-err></testcase><testcase classname="CVE-2024-52316" name="pkg:maven/org.apache.tomcat.embed/tomcat-embed-core@10.1.16"><system-out>Unchecked Error Condition vulnerability in Apache Tomcat. If Tomcat is configured to use a custom Jakarta Authentication (formerly JASPIC) ServerAuthContext component which may throw an exception during the authentication process without explicitly setting an HTTP status to indicate failure, the authentication may not fail, allowing the user to bypass the authentication process. There are no known Jakarta Authentication components that behave in this way.

This issue affects Apache Tomcat: from 11.0.0-M1 through 11.0.0-M26, from 10.1.0-M1 through 10.1.30, from 9.0.0-M1 through 9.0.95.

Users are recommended to upgrade to version 11.0.0, 10.1.31 or 9.0.96, which fix the issue.</system-out><system-err>location: /home/ubuntu/.m2/repository/org/apache/tomcat/embed/tomcat-embed-core/10.1.16/tomcat-embed-core-10.1.16.jar, project-references: [ BMO RFB Backend:compile ]</system-err></testcase><testcase classname="CVE-2024-54677" name="pkg:maven/org.apache.tomcat.embed/tomcat-embed-core@10.1.16"><system-out>Uncontrolled Resource Consumption vulnerability in the examples web application provided with Apache Tomcat leads to denial of service.

This issue affects Apache Tomcat: from 11.0.0-M1 through 11.0.1, from 10.1.0-M1 through 10.1.33, from 9.0.0.M1 through 9.9.97.

Users are recommended to upgrade to version 11.0.2, 10.1.34 or 9.0.98, which fixes the issue.</system-out><system-err>location: /home/ubuntu/.m2/repository/org/apache/tomcat/embed/tomcat-embed-core/10.1.16/tomcat-embed-core-10.1.16.jar, project-references: [ BMO RFB Backend:compile ]</system-err></testcase><testcase classname="CVE-2024-56337" name="pkg:maven/org.apache.tomcat.embed/tomcat-embed-core@10.1.16"><system-out>Time-of-check Time-of-use (TOCTOU) Race Condition vulnerability in Apache Tomcat.

This issue affects Apache Tomcat: from 11.0.0-M1 through 11.0.1, from 10.1.0-M1 through 10.1.33, from 9.0.0.M1 through 9.0.97.

The mitigation for CVE-2024-50379 was incomplete.

Users running Tomcat on a case insensitive file system with the default servlet write enabled (readonly initialisation 
parameter set to the non-default value of false) may need additional configuration to fully mitigate CVE-2024-50379 depending on which version of Java they are using with Tomcat:
- running on Java 8 or Java 11: the system property sun.io.useCanonCaches must be explicitly set to false (it defaults to true)
- running on Java 17: the system property sun.io.useCanonCaches, if set, must be set to false (it defaults to false)
- running on Java 21 onwards: no further configuration is required (the system property and the problematic cache have been removed)

Tomcat 11.0.3, 10.1.35 and 9.0.99 onwards will include checks that sun.io.useCanonCaches is set appropriately before allowing the default servlet to be write enabled on a case insensitive file system. Tomcat will also set sun.io.useCanonCaches to false by default where it can.</system-out><system-err>location: /home/ubuntu/.m2/repository/org/apache/tomcat/embed/tomcat-embed-core/10.1.16/tomcat-embed-core-10.1.16.jar, project-references: [ BMO RFB Backend:compile ]</system-err></testcase><testcase classname="CVE-2025-46701" name="pkg:maven/org.apache.tomcat.embed/tomcat-embed-core@10.1.16"><system-out>Improper Handling of Case Sensitivity vulnerability in Apache Tomcat&apos;s GCI servlet allows security constraint bypass of security constraints that apply to the pathInfo component of a URI mapped to the CGI servlet.

This issue affects Apache Tomcat: from 11.0.0-M1 through 11.0.6, from 10.1.0-M1 through 10.1.40, from 9.0.0.M1 through 9.0.104.

Users are recommended to upgrade to version 11.0.7, 10.1.41 or 9.0.105, which fixes the issue.</system-out><system-err>location: /home/ubuntu/.m2/repository/org/apache/tomcat/embed/tomcat-embed-core/10.1.16/tomcat-embed-core-10.1.16.jar, project-references: [ BMO RFB Backend:compile ]</system-err></testcase><testcase classname="CVE-2025-48988" name="pkg:maven/org.apache.tomcat.embed/tomcat-embed-core@10.1.16"><system-out>Allocation of Resources Without Limits or Throttling vulnerability in Apache Tomcat.

This issue affects Apache Tomcat: from 11.0.0-M1 through 11.0.7, from 10.1.0-M1 through 10.1.41, from 9.0.0.M1 through 9.0.105.

Users are recommended to upgrade to version 11.0.8, 10.1.42 or 9.0.106, which fix the issue.</system-out><system-err>location: /home/ubuntu/.m2/repository/org/apache/tomcat/embed/tomcat-embed-core/10.1.16/tomcat-embed-core-10.1.16.jar, project-references: [ BMO RFB Backend:compile ]</system-err></testcase><testcase classname="CVE-2025-49124" name="pkg:maven/org.apache.tomcat.embed/tomcat-embed-core@10.1.16"><system-out>Untrusted Search Path vulnerability in Apache Tomcat installer for Windows. During installation, the Tomcat installer for Windows used icacls.exe without specifying a full path.

This issue affects Apache Tomcat: from 11.0.0-M1 through 11.0.7, from 10.1.0 through 10.1.41, from 9.0.23 through 9.0.105.

Users are recommended to upgrade to version 11.0.8, 10.1.42 or 9.0.106, which fix the issue.</system-out><system-err>location: /home/ubuntu/.m2/repository/org/apache/tomcat/embed/tomcat-embed-core/10.1.16/tomcat-embed-core-10.1.16.jar, project-references: [ BMO RFB Backend:compile ]</system-err></testcase><testcase classname="CVE-2025-49125" name="pkg:maven/org.apache.tomcat.embed/tomcat-embed-core@10.1.16"><system-out>Authentication Bypass Using an Alternate Path or Channel vulnerability in Apache Tomcat.  When using PreResources or PostResources mounted other than at the root of the web application, it was possible to access those resources via an unexpected path. That path was likely not to be protected by the same security constraints as the expected path, allowing those security constraints to be bypassed.

This issue affects Apache Tomcat: from 11.0.0-M1 through 11.0.7, from 10.1.0-M1 through 10.1.41, from 9.0.0.M1 through 9.0.105.

Users are recommended to upgrade to version 11.0.8, 10.1.42 or 9.0.106, which fix the issue.</system-out><system-err>location: /home/ubuntu/.m2/repository/org/apache/tomcat/embed/tomcat-embed-core/10.1.16/tomcat-embed-core-10.1.16.jar, project-references: [ BMO RFB Backend:compile ]</system-err></testcase></testsuite><testsuite failures="0" errors="0" time="0" id="59" name="/home/ubuntu/.m2/repository/org/apache/tomcat/embed/tomcat-embed-el/10.1.16/tomcat-embed-el-10.1.16.jar" package="tomcat-embed-el-10.1.16.jar" skipped="0" tests="1" timestamp="2025-07-21T12:13:32.52844439"><testcase classname="dependency-check" name="tomcat-embed-el-10.1.16.jar"/></testsuite><testsuite failures="0" errors="0" time="0" id="60" name="/home/ubuntu/.m2/repository/org/glassfish/jaxb/txw2/4.0.4/txw2-4.0.4.jar" package="txw2-4.0.4.jar" skipped="0" tests="1" timestamp="2025-07-21T12:13:32.52844439"><testcase classname="dependency-check" name="txw2-4.0.4.jar"/></testsuite></testsuites>